2018-07-20 10:22:18,929 [DEBUG] Producing instance of Job 'DEFAULT.0', class=WeatherCrawler.Job
2018-07-20 10:22:18,937 [DEBUG] TaskAddrJob - job:JobDetail 'DEFAULT.1':  jobType: 'WeatherCrawler.Job persistJobDataAfterExecution: False concurrentExecutionDisallowed: False isDurable: False requestsRecovers: False, trigger:Trigger 'DEFAULT.JobTrigger1':  triggerClass: 'Quartz.Impl.Triggers.SimpleTriggerImpl calendar: '' misfireInstruction: 0 nextFireTime: 07/20/2018 01:22:18 +00:00
2018-07-20 10:22:18,937 [DEBUG] Start Task : f1
2018-07-20 10:22:18,936 [DEBUG] Batch acquisition of 1 triggers
2018-07-20 10:22:20,633 [DEBUG] Start Task : 1
2018-07-20 10:22:22,568 [DEBUG] End Task : 1
2018-07-20 10:22:48,941 [DEBUG] Start Task : 1
2018-07-20 10:22:49,281 [DEBUG] End Task : 1
2018-07-20 10:28:36,975 [DEBUG] TaskAddrJob - job:JobDetail 'DEFAULT.1':  jobType: 'WeatherCrawler.Job persistJobDataAfterExecution: False concurrentExecutionDisallowed: False isDurable: False requestsRecovers: False, trigger:Trigger 'DEFAULT.JobTrigger1':  triggerClass: 'Quartz.Impl.Triggers.SimpleTriggerImpl calendar: '' misfireInstruction: 0 nextFireTime: 07/20/2018 01:28:36 +00:00
2018-07-20 10:28:36,983 [DEBUG] Start Task : f0
2018-07-20 10:33:40,817 [DEBUG] Start Task : 1
2018-07-20 10:33:51,633 [DEBUG] Start Task : 1
2018-07-20 10:45:07,908 [DEBUG] Producing instance of Job 'DEFAULT.1', class=WeatherCrawler.Job
2018-07-20 10:45:07,928 [DEBUG] Batch acquisition of 1 triggers
2018-07-20 10:45:07,912 [DEBUG] TaskAddrJob - job:JobDetail 'DEFAULT.1':  jobType: 'WeatherCrawler.Job persistJobDataAfterExecution: False concurrentExecutionDisallowed: False isDurable: False requestsRecovers: False, trigger:Trigger 'DEFAULT.JobTrigger1':  triggerClass: 'Quartz.Impl.Triggers.SimpleTriggerImpl calendar: '' misfireInstruction: 0 nextFireTime: 07/20/2018 01:45:07 +00:00
2018-07-20 10:45:09,462 [DEBUG] Start Task : 1
2018-07-20 10:45:42,172 [DEBUG] TaskAddrJob - job:JobDetail 'DEFAULT.1':  jobType: 'WeatherCrawler.Job persistJobDataAfterExecution: False concurrentExecutionDisallowed: False isDurable: False requestsRecovers: False, trigger:Trigger 'DEFAULT.JobTrigger1':  triggerClass: 'Quartz.Impl.Triggers.SimpleTriggerImpl calendar: '' misfireInstruction: 0 nextFireTime: 07/20/2018 01:45:42 +00:00
2018-07-20 10:45:42,172 [DEBUG] Producing instance of Job 'DEFAULT.1', class=WeatherCrawler.Job
2018-07-20 10:45:42,207 [DEBUG] Batch acquisition of 1 triggers
2018-07-20 10:45:44,305 [DEBUG] Start Task : 1
2018-07-20 10:56:00,058 [DEBUG] Start Task : 1
2018-07-20 11:00:34,943 [DEBUG] TaskAddrJob - job:JobDetail 'DEFAULT.1':  jobType: 'WeatherCrawler.Job persistJobDataAfterExecution: False concurrentExecutionDisallowed: False isDurable: False requestsRecovers: False, trigger:Trigger 'DEFAULT.JobTrigger1':  triggerClass: 'Quartz.Impl.Triggers.SimpleTriggerImpl calendar: '' misfireInstruction: 0 nextFireTime: 07/20/2018 02:00:34 +00:00
2018-07-20 11:00:34,943 [DEBUG] Producing instance of Job 'DEFAULT.1', class=WeatherCrawler.Job
2018-07-20 11:00:34,953 [DEBUG] Batch acquisition of 1 triggers
2018-07-20 11:01:01,296 [DEBUG] Start Task : 1
2018-07-20 11:01:06,349 [DEBUG] Start Task : 1
2018-07-20 11:01:09,654 [DEBUG] End Task : 1
2018-07-20 11:01:11,056 [DEBUG] End Task : 1
2018-07-20 11:01:35,039 [DEBUG] Start Task : 1
2018-07-20 11:01:39,924 [DEBUG] End Task : 1
2018-07-20 11:04:05,469 [DEBUG] TaskAddrJob - job:JobDetail 'DEFAULT.1':  jobType: 'WeatherCrawler.Job persistJobDataAfterExecution: False concurrentExecutionDisallowed: False isDurable: False requestsRecovers: False, trigger:Trigger 'DEFAULT.JobTrigger1':  triggerClass: 'Quartz.Impl.Triggers.SimpleTriggerImpl calendar: '' misfireInstruction: 0 nextFireTime: 07/20/2018 02:04:05 +00:00
2018-07-20 11:04:05,469 [DEBUG] Producing instance of Job 'DEFAULT.1', class=WeatherCrawler.Job
2018-07-20 11:04:05,483 [DEBUG] Batch acquisition of 1 triggers
2018-07-20 11:04:07,098 [DEBUG] Start Task : 1
2018-07-20 11:04:11,093 [DEBUG] End Task : 1
2018-07-20 11:06:51,327 [DEBUG] TaskAddrJob - job:JobDetail 'DEFAULT.1':  jobType: 'WeatherCrawler.Job persistJobDataAfterExecution: False concurrentExecutionDisallowed: False isDurable: False requestsRecovers: False, trigger:Trigger 'DEFAULT.JobTrigger1':  triggerClass: 'Quartz.Impl.Triggers.SimpleTriggerImpl calendar: '' misfireInstruction: 0 nextFireTime: 07/20/2018 02:06:51 +00:00
2018-07-20 11:06:51,327 [DEBUG] Producing instance of Job 'DEFAULT.1', class=WeatherCrawler.Job
2018-07-20 11:07:42,066 [DEBUG] Start Task : 1
2018-07-20 11:07:56,483 [DEBUG] Start Task : 1
2018-07-20 11:08:03,467 [DEBUG] End Task : 1
2018-07-20 11:08:33,513 [DEBUG] Start Task : 1
2018-07-20 11:08:38,124 [DEBUG] End Task : 1
2018-07-20 11:21:54,062 [DEBUG] TaskAddrJob - job:JobDetail 'DEFAULT.1':  jobType: 'WeatherCrawler.Job persistJobDataAfterExecution: False concurrentExecutionDisallowed: False isDurable: False requestsRecovers: False, trigger:Trigger 'DEFAULT.JobTrigger1':  triggerClass: 'Quartz.Impl.Triggers.SimpleTriggerImpl calendar: '' misfireInstruction: 0 nextFireTime: 07/20/2018 02:21:54 +00:00
2018-07-20 11:21:54,063 [DEBUG] Producing instance of Job 'DEFAULT.1', class=WeatherCrawler.Job
2018-07-20 11:21:54,081 [DEBUG] Batch acquisition of 1 triggers
2018-07-20 11:21:55,575 [DEBUG] Start Task : 1
2018-07-20 11:22:04,422 [DEBUG] End Task : 1
2018-07-20 11:22:24,064 [DEBUG] Start Task : 1
2018-07-20 11:22:54,064 [DEBUG] Start Task : 1
2018-07-20 11:26:55,991 [DEBUG] TaskAddrJob - job:JobDetail 'DEFAULT.1':  jobType: 'WeatherCrawler.Job persistJobDataAfterExecution: False concurrentExecutionDisallowed: False isDurable: False requestsRecovers: False, trigger:Trigger 'DEFAULT.JobTrigger1':  triggerClass: 'Quartz.Impl.Triggers.SimpleTriggerImpl calendar: '' misfireInstruction: 0 nextFireTime: 07/20/2018 02:26:55 +00:00
2018-07-20 11:26:55,990 [DEBUG] Producing instance of Job 'DEFAULT.0', class=WeatherCrawler.Job
2018-07-20 11:26:56,014 [DEBUG] Start Task : f2
2018-07-20 11:26:56,235 [DEBUG] Start Task : 1
2018-07-20 11:27:26,001 [DEBUG] Start Task : 1
2018-07-20 11:35:24,928 [DEBUG] End Task : 1
2018-07-20 11:35:27,217 [DEBUG] Start Task : 1
2018-07-20 11:35:31,734 [DEBUG] End Task : 1
2018-07-20 11:36:22,810 [DEBUG] Start Task : 0
2018-07-20 11:36:22,813 [DEBUG] Producing instance of Job 'DEFAULT.1', class=WeatherCrawler.Job
2018-07-20 11:36:22,810 [DEBUG] TaskAddrJob - job:JobDetail 'DEFAULT.1':  jobType: 'WeatherCrawler.Job persistJobDataAfterExecution: False concurrentExecutionDisallowed: False isDurable: False requestsRecovers: False, trigger:Trigger 'DEFAULT.JobTrigger1':  triggerClass: 'Quartz.Impl.Triggers.SimpleTriggerImpl calendar: '' misfireInstruction: 0 nextFireTime: 07/20/2018 02:36:22 +00:00
2018-07-20 11:36:22,886 [DEBUG] Start Task : 1
2018-07-20 11:36:52,803 [DEBUG] Start Task : 1
2018-07-20 11:44:36,391 [DEBUG] TaskAddrJob - job:JobDetail 'DEFAULT.1':  jobType: 'WeatherCrawler.Job persistJobDataAfterExecution: False concurrentExecutionDisallowed: False isDurable: False requestsRecovers: False, trigger:Trigger 'DEFAULT.JobTrigger1':  triggerClass: 'Quartz.Impl.Triggers.SimpleTriggerImpl calendar: '' misfireInstruction: 0 nextFireTime: 07/20/2018 02:44:36 +00:00
2018-07-20 11:44:36,393 [DEBUG] Producing instance of Job 'DEFAULT.f1', class=WeatherCrawler.Job
2018-07-20 11:44:36,689 [DEBUG] Start Task : 1
2018-07-20 11:44:40,363 [DEBUG] End Task : 1
2018-07-20 11:46:13,112 [DEBUG] Start Task : 1
2018-07-20 11:46:13,115 [INFO ] Default Quartz.NET properties loaded from embedded resource file
2018-07-20 11:46:16,853 [DEBUG] End Task : 1
2018-07-20 11:46:43,008 [DEBUG] Start Task : 1
2018-07-20 11:46:43,163 [DEBUG] End Task : 1
2018-07-20 11:47:13,019 [DEBUG] Start Task : 1
2018-07-20 11:47:13,173 [DEBUG] End Task : 1
2018-07-20 11:47:43,018 [DEBUG] Start Task : 1
2018-07-20 11:47:43,167 [DEBUG] End Task : 1
2018-07-20 11:48:13,002 [DEBUG] Start Task : 1
2018-07-20 11:48:13,172 [DEBUG] End Task : 1
2018-07-20 11:48:43,017 [DEBUG] Start Task : 1
2018-07-20 11:48:43,181 [DEBUG] End Task : 1
2018-07-20 11:49:13,017 [DEBUG] Start Task : 1
2018-07-20 11:49:13,165 [DEBUG] End Task : 1
2018-07-20 11:49:43,013 [DEBUG] Start Task : 1
2018-07-20 11:49:43,176 [DEBUG] End Task : 1
2018-07-20 11:50:13,014 [DEBUG] Start Task : 1
2018-07-20 11:50:13,183 [DEBUG] End Task : 1
2018-07-20 11:50:43,024 [DEBUG] Start Task : 1
2018-07-20 11:50:43,178 [DEBUG] End Task : 1
2018-07-20 11:55:33,225 [DEBUG] TaskAddrJob - job:JobDetail 'DEFAULT.1':  jobType: 'WeatherCrawler.Job persistJobDataAfterExecution: False concurrentExecutionDisallowed: False isDurable: False requestsRecovers: False, trigger:Trigger 'DEFAULT.JobTrigger1':  triggerClass: 'Quartz.Impl.Triggers.SimpleTriggerImpl calendar: '' misfireInstruction: 0 nextFireTime: 07/20/2018 02:55:33 +00:00
2018-07-20 11:55:33,469 [DEBUG] Start Task : 1
2018-07-20 11:55:36,996 [DEBUG] End Task : 1
2018-07-20 11:56:03,229 [DEBUG] Start Task : 1
2018-07-20 11:56:04,443 [DEBUG] End Task : 1
2018-07-20 11:56:04,444 [DEBUG] System.AggregateException!
2018-07-20 11:56:33,247 [DEBUG] Start Task : 1
2018-07-20 11:56:33,494 [DEBUG] End Task : 1
2018-07-20 11:57:03,285 [DEBUG] Start Task : 1
2018-07-20 11:57:03,497 [DEBUG] End Task : 1
2018-07-20 11:57:33,239 [DEBUG] Start Task : 1
2018-07-20 11:57:33,400 [DEBUG] End Task : 1
2018-07-20 11:58:03,261 [DEBUG] Start Task : 1
2018-07-20 11:58:03,425 [DEBUG] End Task : 1
2018-07-20 11:58:33,310 [DEBUG] Start Task : 1
2018-07-20 11:58:33,504 [DEBUG] End Task : 1
2018-07-20 11:59:03,236 [DEBUG] Start Task : 1
2018-07-20 11:59:03,442 [DEBUG] End Task : 1
