2018-07-20 10:22:18,746 [DEBUG] TaskFJJob - job:JobDetail 'DEFAULT.f0':  jobType: 'WeatherCrawler.Job persistJobDataAfterExecution: False concurrentExecutionDisallowed: False isDurable: False requestsRecovers: False, trigger:Trigger 'DEFAULT.JobTriggerf0':  triggerClass: 'Quartz.Impl.Triggers.SimpleTriggerImpl calendar: '' misfireInstruction: 0 nextFireTime: 07/20/2018 01:22:18 +00:00
2018-07-20 10:22:18,744 [DEBUG] Batch acquisition of 1 triggers
2018-07-20 10:22:18,823 [DEBUG] Producing instance of Job 'DEFAULT.f2', class=WeatherCrawler.Job
2018-07-20 10:22:18,825 [INFO ] Default Quartz.NET properties loaded from embedded resource file
2018-07-20 10:22:18,857 [DEBUG] Start Task : f0
2018-07-20 10:22:18,856 [INFO ] Scheduler DefaultQuartzScheduler_$_NON_CLUSTERED started.
2018-07-20 10:22:18,853 [DEBUG] Calling Execute on job DEFAULT.f2
2018-07-20 10:22:18,826 [DEBUG] Calling Execute on job DEFAULT.f1
2018-07-20 10:22:18,850 [DEBUG] Batch acquisition of 1 triggers
2018-07-20 10:22:22,583 [DEBUG] End Task : f0
2018-07-20 10:22:22,585 [DEBUG] Trigger instruction : NoInstruction
2018-07-20 10:22:48,829 [DEBUG] Start Task : f0
2018-07-20 10:22:48,830 [DEBUG] Producing instance of Job 'DEFAULT.f1', class=WeatherCrawler.Job
2018-07-20 10:22:49,315 [DEBUG] End Task : f0
2018-07-20 10:28:36,611 [DEBUG] TaskFJJob - job:JobDetail 'DEFAULT.f0':  jobType: 'WeatherCrawler.Job persistJobDataAfterExecution: False concurrentExecutionDisallowed: False isDurable: False requestsRecovers: False, trigger:Trigger 'DEFAULT.JobTriggerf0':  triggerClass: 'Quartz.Impl.Triggers.SimpleTriggerImpl calendar: '' misfireInstruction: 0 nextFireTime: 07/20/2018 01:28:36 +00:00
2018-07-20 10:28:36,609 [DEBUG] Batch acquisition of 1 triggers
2018-07-20 10:28:36,975 [DEBUG] TaskAddrJob - job:JobDetail 'DEFAULT.1':  jobType: 'WeatherCrawler.Job persistJobDataAfterExecution: False concurrentExecutionDisallowed: False isDurable: False requestsRecovers: False, trigger:Trigger 'DEFAULT.JobTrigger1':  triggerClass: 'Quartz.Impl.Triggers.SimpleTriggerImpl calendar: '' misfireInstruction: 0 nextFireTime: 07/20/2018 01:28:36 +00:00
2018-07-20 10:28:36,983 [DEBUG] Start Task : f0
2018-07-20 10:33:41,278 [DEBUG] Start Task : f0
2018-07-20 10:33:41,280 [ERROR] Job DEFAULT.1 threw an unhandled Exception: 
MongoDB.Driver.MongoCommandException: Command listCollections failed: not authorized on weatherCrawler to execute command { listCollections: 1 }.
   위치: MongoDB.Driver.Core.WireProtocol.CommandWireProtocol`1.ProcessReply(ConnectionId connectionId, ReplyMessage`1 reply)
   위치: MongoDB.Driver.Core.WireProtocol.CommandWireProtocol`1.Execute(IConnection connection, CancellationToken cancellationToken)
   위치: MongoDB.Driver.Core.Servers.Server.ServerChannel.ExecuteProtocol[TResult](IWireProtocol`1 protocol, CancellationToken cancellationToken)
   위치: MongoDB.Driver.Core.Servers.Server.ServerChannel.Command[TResult](ICoreSession session, ReadPreference readPreference, DatabaseNamespace databaseNamespace, BsonDocument command, IElementNameValidator commandValidator, BsonDocument additionalOptions, Func`1 responseHandling, Boolean slaveOk, IBsonSerializer`1 resultSerializer, MessageEncoderSettings messageEncoderSettings, CancellationToken cancellationToken)
   위치: MongoDB.Driver.Core.Operations.CommandOperationBase`1.ExecuteProtocol(IChannelHandle channel, ICoreSessionHandle session, ReadPreference readPreference, CancellationToken cancellationToken)
   위치: MongoDB.Driver.Core.Operations.CommandOperationBase`1.ExecuteProtocol(IChannelSource channelSource, ICoreSessionHandle session, ReadPreference readPreference, CancellationToken cancellationToken)
   위치: MongoDB.Driver.Core.Operations.ReadCommandOperation`1.Execute(IReadBinding binding, CancellationToken cancellationToken)
   위치: MongoDB.Driver.Core.Operations.OperationExtensionMethods.Execute[TResult](IReadOperation`1 operation, IChannelSourceHandle channelSource, ReadPreference readPreference, ICoreSessionHandle session, CancellationToken cancellationToken)
   위치: MongoDB.Driver.Core.Operations.ListCollectionsUsingCommandOperation.Execute(IReadBinding binding, CancellationToken cancellationToken)
   위치: MongoDB.Driver.Core.Operations.ListCollectionsOperation.Execute(IReadBinding binding, CancellationToken cancellationToken)
   위치: MongoDB.Driver.OperationExecutor.ExecuteReadOperation[TResult](IReadBinding binding, IReadOperation`1 operation, CancellationToken cancellationToken)
   위치: MongoDB.Driver.MongoDatabaseImpl.ExecuteReadOperation[T](IClientSessionHandle session, IReadOperation`1 operation, ReadPreference readPreference, CancellationToken cancellationToken)
   위치: MongoDB.Driver.MongoDatabaseImpl.ListCollections(IClientSessionHandle session, ListCollectionsOptions options, CancellationToken cancellationToken)
   위치: MongoDB.Driver.MongoDatabaseImpl.<>c__DisplayClass25_0.<ListCollections>b__0(IClientSessionHandle session)
   위치: MongoDB.Driver.MongoDatabaseImpl.UsingImplicitSession[TResult](Func`2 func, CancellationToken cancellationToken)
   위치: MongoDB.Driver.MongoDatabaseImpl.ListCollections(ListCollectionsOptions options, CancellationToken cancellationToken)
   위치: WeatherCrawler.DbManager.Connect() 파일 C:\Users\hkim\source\repos\WeatherCrawler\WeatherCrawler\DbManager.cs:줄 49
   위치: WeatherCrawler.Job.Execute(IJobExecutionContext context) 파일 C:\Users\hkim\source\repos\WeatherCrawler\WeatherCrawler\Job.cs:줄 37
   위치: Quartz.Core.JobRunShell.<Run>d__9.MoveNext()
2018-07-20 10:33:49,876 [DEBUG] TaskFJJob - job:JobDetail 'DEFAULT.f0':  jobType: 'WeatherCrawler.Job persistJobDataAfterExecution: False concurrentExecutionDisallowed: False isDurable: False requestsRecovers: False, trigger:Trigger 'DEFAULT.JobTriggerf0':  triggerClass: 'Quartz.Impl.Triggers.SimpleTriggerImpl calendar: '' misfireInstruction: 0 nextFireTime: 07/20/2018 01:33:49 +00:00
2018-07-20 10:33:49,891 [DEBUG] Producing instance of Job 'DEFAULT.f0', class=WeatherCrawler.Job
2018-07-20 10:45:07,567 [DEBUG] TaskFJJob - job:JobDetail 'DEFAULT.f0':  jobType: 'WeatherCrawler.Job persistJobDataAfterExecution: False concurrentExecutionDisallowed: False isDurable: False requestsRecovers: False, trigger:Trigger 'DEFAULT.JobTriggerf0':  triggerClass: 'Quartz.Impl.Triggers.SimpleTriggerImpl calendar: '' misfireInstruction: 0 nextFireTime: 07/20/2018 01:45:07 +00:00
2018-07-20 10:45:07,578 [DEBUG] Producing instance of Job 'DEFAULT.f0', class=WeatherCrawler.Job
2018-07-20 10:45:07,678 [DEBUG] Producing instance of Job 'DEFAULT.f1', class=WeatherCrawler.Job
2018-07-20 10:45:07,679 [DEBUG] Start Task : f0
2018-07-20 10:45:07,696 [DEBUG] Calling Execute on job DEFAULT.f1
2018-07-20 10:45:07,694 [DEBUG] Batch acquisition of 1 triggers
2018-07-20 10:45:41,862 [DEBUG] Batch acquisition of 1 triggers
2018-07-20 10:45:41,863 [DEBUG] TaskFJJob - job:JobDetail 'DEFAULT.f0':  jobType: 'WeatherCrawler.Job persistJobDataAfterExecution: False concurrentExecutionDisallowed: False isDurable: False requestsRecovers: False, trigger:Trigger 'DEFAULT.JobTriggerf0':  triggerClass: 'Quartz.Impl.Triggers.SimpleTriggerImpl calendar: '' misfireInstruction: 0 nextFireTime: 07/20/2018 01:45:41 +00:00
2018-07-20 10:45:41,884 [DEBUG] Producing instance of Job 'DEFAULT.f0', class=WeatherCrawler.Job
2018-07-20 10:55:58,250 [DEBUG] TaskFJJob - job:JobDetail 'DEFAULT.f0':  jobType: 'WeatherCrawler.Job persistJobDataAfterExecution: False concurrentExecutionDisallowed: False isDurable: False requestsRecovers: False, trigger:Trigger 'DEFAULT.JobTriggerf0':  triggerClass: 'Quartz.Impl.Triggers.SimpleTriggerImpl calendar: '' misfireInstruction: 0 nextFireTime: 07/20/2018 01:55:58 +00:00
2018-07-20 10:55:58,260 [DEBUG] Producing instance of Job 'DEFAULT.f0', class=WeatherCrawler.Job
2018-07-20 10:55:58,465 [DEBUG] Producing instance of Job 'DEFAULT.0', class=WeatherCrawler.Job
2018-07-20 10:55:58,487 [DEBUG] TaskAddrJob - job:JobDetail 'DEFAULT.0':  jobType: 'WeatherCrawler.Job persistJobDataAfterExecution: False concurrentExecutionDisallowed: False isDurable: False requestsRecovers: False, trigger:Trigger 'DEFAULT.JobTrigger0':  triggerClass: 'Quartz.Impl.Triggers.SimpleTriggerImpl calendar: '' misfireInstruction: 0 nextFireTime: 07/20/2018 01:55:58 +00:00
2018-07-20 10:55:58,488 [DEBUG] Start Task : f0
2018-07-20 10:55:58,521 [DEBUG] Batch acquisition of 1 triggers
2018-07-20 11:00:23,989 [DEBUG] TaskFJJob - job:JobDetail 'DEFAULT.f0':  jobType: 'WeatherCrawler.Job persistJobDataAfterExecution: False concurrentExecutionDisallowed: False isDurable: False requestsRecovers: False, trigger:Trigger 'DEFAULT.JobTriggerf0':  triggerClass: 'Quartz.Impl.Triggers.SimpleTriggerImpl calendar: '' misfireInstruction: 0 nextFireTime: 07/20/2018 02:00:23 +00:00
2018-07-20 11:00:23,998 [DEBUG] Producing instance of Job 'DEFAULT.f0', class=WeatherCrawler.Job
2018-07-20 11:00:24,022 [DEBUG] Batch acquisition of 1 triggers
2018-07-20 11:00:24,055 [DEBUG] Calling Execute on job DEFAULT.f0
2018-07-20 11:00:24,074 [INFO ] Default Quartz.NET properties loaded from embedded resource file
2018-07-20 11:00:24,086 [DEBUG] Start Task : f0
2018-07-20 11:00:24,085 [INFO ] Scheduler DefaultQuartzScheduler_$_NON_CLUSTERED started.
2018-07-20 11:01:02,301 [DEBUG] Start Task : f0
2018-07-20 11:01:07,030 [DEBUG] End Task : f0
2018-07-20 11:01:10,237 [DEBUG] End Task : f0
2018-07-20 11:01:24,236 [DEBUG] Start Task : f0
2018-07-20 11:01:24,237 [DEBUG] Producing instance of Job 'DEFAULT.f1', class=WeatherCrawler.Job
2018-07-20 11:01:29,782 [DEBUG] End Task : f0
2018-07-20 11:04:05,154 [DEBUG] TaskFJJob - job:JobDetail 'DEFAULT.f0':  jobType: 'WeatherCrawler.Job persistJobDataAfterExecution: False concurrentExecutionDisallowed: False isDurable: False requestsRecovers: False, trigger:Trigger 'DEFAULT.JobTriggerf0':  triggerClass: 'Quartz.Impl.Triggers.SimpleTriggerImpl calendar: '' misfireInstruction: 0 nextFireTime: 07/20/2018 02:04:05 +00:00
2018-07-20 11:04:05,157 [DEBUG] Producing instance of Job 'DEFAULT.f0', class=WeatherCrawler.Job
2018-07-20 11:04:05,408 [DEBUG] Start Task : f0
2018-07-20 11:04:05,406 [DEBUG] Batch acquisition of 1 triggers
2018-07-20 11:04:12,851 [DEBUG] End Task : f0
2018-07-20 11:06:21,604 [DEBUG] Batch acquisition of 1 triggers
2018-07-20 11:06:21,606 [DEBUG] TaskFJJob - job:JobDetail 'DEFAULT.f0':  jobType: 'WeatherCrawler.Job persistJobDataAfterExecution: False concurrentExecutionDisallowed: False isDurable: False requestsRecovers: False, trigger:Trigger 'DEFAULT.JobTriggerf0':  triggerClass: 'Quartz.Impl.Triggers.SimpleTriggerImpl calendar: '' misfireInstruction: 0 nextFireTime: 07/20/2018 02:06:21 +00:00
2018-07-20 11:06:21,646 [DEBUG] Producing instance of Job 'DEFAULT.f0', class=WeatherCrawler.Job
2018-07-20 11:06:21,756 [DEBUG] Start Task : f0
2018-07-20 11:06:21,756 [DEBUG] Producing instance of Job 'DEFAULT.f1', class=WeatherCrawler.Job
2018-07-20 11:06:21,757 [INFO ] Default Quartz.NET properties loaded from embedded resource file
2018-07-20 11:07:45,073 [DEBUG] Start Task : f0
2018-07-20 11:08:03,493 [DEBUG] Start Task : f0
2018-07-20 11:08:33,499 [DEBUG] End Task : f0
2018-07-20 11:08:38,133 [DEBUG] Start Task : f0
2018-07-20 11:21:53,711 [DEBUG] Batch acquisition of 1 triggers
2018-07-20 11:21:53,712 [DEBUG] TaskFJJob - job:JobDetail 'DEFAULT.f0':  jobType: 'WeatherCrawler.Job persistJobDataAfterExecution: False concurrentExecutionDisallowed: False isDurable: False requestsRecovers: False, trigger:Trigger 'DEFAULT.JobTriggerf0':  triggerClass: 'Quartz.Impl.Triggers.SimpleTriggerImpl calendar: '' misfireInstruction: 0 nextFireTime: 07/20/2018 02:21:53 +00:00
2018-07-20 11:21:53,911 [DEBUG] Batch acquisition of 1 triggers
2018-07-20 11:21:53,933 [DEBUG] Start Task : f0
2018-07-20 11:21:53,914 [DEBUG] TaskFJJob - job:JobDetail 'DEFAULT.f2':  jobType: 'WeatherCrawler.Job persistJobDataAfterExecution: False concurrentExecutionDisallowed: False isDurable: False requestsRecovers: False, trigger:Trigger 'DEFAULT.JobTriggerf2':  triggerClass: 'Quartz.Impl.Triggers.SimpleTriggerImpl calendar: '' misfireInstruction: 0 nextFireTime: 07/20/2018 02:21:53 +00:00
2018-07-20 11:21:53,944 [DEBUG] Producing instance of Job 'DEFAULT.f2', class=WeatherCrawler.Job
2018-07-20 11:22:07,250 [DEBUG] End Task : f0
2018-07-20 11:22:23,809 [DEBUG] Start Task : f0
2018-07-20 11:22:23,809 [DEBUG] Producing instance of Job 'DEFAULT.f1', class=WeatherCrawler.Job
2018-07-20 11:22:53,785 [DEBUG] Start Task : f0
2018-07-20 11:22:53,786 [DEBUG] Producing instance of Job 'DEFAULT.f1', class=WeatherCrawler.Job
2018-07-20 11:26:55,829 [DEBUG] TaskFJJob - job:JobDetail 'DEFAULT.f0':  jobType: 'WeatherCrawler.Job persistJobDataAfterExecution: False concurrentExecutionDisallowed: False isDurable: False requestsRecovers: False, trigger:Trigger 'DEFAULT.JobTriggerf0':  triggerClass: 'Quartz.Impl.Triggers.SimpleTriggerImpl calendar: '' misfireInstruction: 0 nextFireTime: 07/20/2018 02:26:55 +00:00
2018-07-20 11:26:55,850 [DEBUG] Producing instance of Job 'DEFAULT.f0', class=WeatherCrawler.Job
2018-07-20 11:26:56,045 [DEBUG] Start Task : f0
2018-07-20 11:26:56,050 [INFO ] Default Quartz.NET properties loaded from embedded resource file
2018-07-20 11:26:56,049 [DEBUG] Producing instance of Job 'DEFAULT.1', class=WeatherCrawler.Job
2018-07-20 11:27:25,799 [DEBUG] Start Task : f0
2018-07-20 11:35:25,787 [DEBUG] Start Task : f0
2018-07-20 11:35:27,196 [DEBUG] End Task : f0
2018-07-20 11:35:33,741 [DEBUG] End Task : f0
2018-07-20 11:36:22,507 [DEBUG] TaskFJJob - job:JobDetail 'DEFAULT.f0':  jobType: 'WeatherCrawler.Job persistJobDataAfterExecution: False concurrentExecutionDisallowed: False isDurable: False requestsRecovers: False, trigger:Trigger 'DEFAULT.JobTriggerf0':  triggerClass: 'Quartz.Impl.Triggers.SimpleTriggerImpl calendar: '' misfireInstruction: 0 nextFireTime: 07/20/2018 02:36:22 +00:00
2018-07-20 11:36:22,529 [DEBUG] Producing instance of Job 'DEFAULT.f0', class=WeatherCrawler.Job
2018-07-20 11:36:22,620 [DEBUG] Start Task : f0
2018-07-20 11:36:22,620 [DEBUG] Producing instance of Job 'DEFAULT.f2', class=WeatherCrawler.Job
2018-07-20 11:36:22,621 [INFO ] Default Quartz.NET properties loaded from embedded resource file
2018-07-20 11:36:52,482 [DEBUG] Start Task : f0
2018-07-20 11:37:22,570 [DEBUG] Start Task : f0
2018-07-20 11:44:36,259 [DEBUG] Batch acquisition of 1 triggers
2018-07-20 11:44:36,261 [DEBUG] TaskFJJob - job:JobDetail 'DEFAULT.f0':  jobType: 'WeatherCrawler.Job persistJobDataAfterExecution: False concurrentExecutionDisallowed: False isDurable: False requestsRecovers: False, trigger:Trigger 'DEFAULT.JobTriggerf0':  triggerClass: 'Quartz.Impl.Triggers.SimpleTriggerImpl calendar: '' misfireInstruction: 0 nextFireTime: 07/20/2018 02:44:36 +00:00
2018-07-20 11:44:36,445 [DEBUG] Start Task : f0
2018-07-20 11:44:40,280 [DEBUG] End Task : f0
2018-07-20 11:46:12,662 [DEBUG] TaskFJJob - job:JobDetail 'DEFAULT.f0':  jobType: 'WeatherCrawler.Job persistJobDataAfterExecution: False concurrentExecutionDisallowed: False isDurable: False requestsRecovers: False, trigger:Trigger 'DEFAULT.JobTriggerf0':  triggerClass: 'Quartz.Impl.Triggers.SimpleTriggerImpl calendar: '' misfireInstruction: 0 nextFireTime: 07/20/2018 02:46:12 +00:00
2018-07-20 11:46:12,686 [DEBUG] Producing instance of Job 'DEFAULT.f0', class=WeatherCrawler.Job
2018-07-20 11:46:12,802 [DEBUG] Batch acquisition of 1 triggers
2018-07-20 11:46:12,816 [INFO ] Scheduler DefaultQuartzScheduler_$_NON_CLUSTERED started.
2018-07-20 11:46:12,865 [DEBUG] Start Task : f0
2018-07-20 11:46:12,866 [DEBUG] TaskAddrJob - job:JobDetail 'DEFAULT.0':  jobType: 'WeatherCrawler.Job persistJobDataAfterExecution: False concurrentExecutionDisallowed: False isDurable: False requestsRecovers: False, trigger:Trigger 'DEFAULT.JobTrigger0':  triggerClass: 'Quartz.Impl.Triggers.SimpleTriggerImpl calendar: '' misfireInstruction: 0 nextFireTime: 07/20/2018 02:46:12 +00:00
2018-07-20 11:46:12,866 [DEBUG] Batch acquisition of 1 triggers
2018-07-20 11:46:16,880 [DEBUG] End Task : f0
2018-07-20 11:46:42,639 [DEBUG] Start Task : f0
2018-07-20 11:46:42,810 [DEBUG] End Task : f0
2018-07-20 11:47:12,662 [DEBUG] Start Task : f0
2018-07-20 11:47:12,859 [DEBUG] End Task : f0
2018-07-20 11:47:42,629 [DEBUG] Start Task : f0
2018-07-20 11:47:42,807 [DEBUG] End Task : f0
2018-07-20 11:48:12,617 [DEBUG] Start Task : f0
2018-07-20 11:48:12,807 [DEBUG] End Task : f0
2018-07-20 11:48:42,623 [DEBUG] Start Task : f0
2018-07-20 11:48:42,814 [DEBUG] End Task : f0
2018-07-20 11:49:12,623 [DEBUG] Start Task : f0
2018-07-20 11:49:12,797 [DEBUG] End Task : f0
2018-07-20 11:49:42,631 [DEBUG] Start Task : f0
2018-07-20 11:49:42,811 [DEBUG] End Task : f0
2018-07-20 11:50:12,624 [DEBUG] Start Task : f0
2018-07-20 11:50:12,799 [DEBUG] End Task : f0
2018-07-20 11:50:42,627 [DEBUG] Start Task : f0
2018-07-20 11:50:42,830 [DEBUG] End Task : f0
2018-07-20 11:55:33,066 [DEBUG] TaskFJJob - job:JobDetail 'DEFAULT.f0':  jobType: 'WeatherCrawler.Job persistJobDataAfterExecution: False concurrentExecutionDisallowed: False isDurable: False requestsRecovers: False, trigger:Trigger 'DEFAULT.JobTriggerf0':  triggerClass: 'Quartz.Impl.Triggers.SimpleTriggerImpl calendar: '' misfireInstruction: 0 nextFireTime: 07/20/2018 02:55:33 +00:00
2018-07-20 11:55:36,982 [DEBUG] End Task : f0
2018-07-20 11:56:03,033 [DEBUG] Start Task : f0
2018-07-20 11:56:04,515 [DEBUG] End Task : f0
2018-07-20 11:56:33,034 [DEBUG] Start Task : f0
2018-07-20 11:56:33,460 [DEBUG] End Task : f0
2018-07-20 11:57:03,037 [DEBUG] Start Task : f0
2018-07-20 11:57:03,325 [DEBUG] End Task : f0
2018-07-20 11:57:33,044 [DEBUG] Start Task : f0
2018-07-20 11:57:33,218 [DEBUG] End Task : f0
2018-07-20 11:58:03,050 [DEBUG] Start Task : f0
2018-07-20 11:58:03,225 [DEBUG] End Task : f0
2018-07-20 11:58:03,230 [DEBUG] Producing instance of Job 'DEFAULT.1', class=WeatherCrawler.Job
2018-07-20 11:58:33,033 [DEBUG] Start Task : f0
2018-07-20 11:58:33,326 [DEBUG] End Task : f0
2018-07-20 11:59:03,044 [DEBUG] Start Task : f0
2018-07-20 11:59:03,266 [DEBUG] End Task : f0
